{
  "RSpec": {
    "coverage": {
      "/Users/sallymae/Turing/Module_3/projects/rales_engine/app/helpers/api/v1/customers_helper.rb": [
        1,
        null
      ],
      "/Users/sallymae/Turing/Module_3/projects/rales_engine/app/helpers/api/v1/invoice_items_helper.rb": [
        1,
        null
      ],
      "/Users/sallymae/Turing/Module_3/projects/rales_engine/app/helpers/api/v1/invoices_helper.rb": [
        1,
        null
      ],
      "/Users/sallymae/Turing/Module_3/projects/rales_engine/app/helpers/api/v1/items_helper.rb": [
        1,
        null
      ],
      "/Users/sallymae/Turing/Module_3/projects/rales_engine/app/helpers/api/v1/merchants_helper.rb": [
        1,
        null
      ],
      "/Users/sallymae/Turing/Module_3/projects/rales_engine/app/helpers/api/v1/transactions_helper.rb": [
        1,
        null
      ],
      "/Users/sallymae/Turing/Module_3/projects/rales_engine/app/helpers/application_helper.rb": [
        1,
        null
      ],
      "/Users/sallymae/Turing/Module_3/projects/rales_engine/app/controllers/api/v1/customers_controller.rb": [
        1,
        1,
        null,
        1,
        1,
        null,
        null,
        1,
        1,
        null,
        null,
        1,
        1,
        null,
        null,
        1,
        1,
        null,
        null,
        1,
        1,
        null,
        null,
        1,
        0,
        null,
        null,
        1,
        0,
        null,
        null,
        1,
        0,
        null,
        null,
        1,
        0,
        null,
        null,
        1,
        null,
        1,
        0,
        null,
        null,
        1,
        0,
        null,
        null,
        1,
        2,
        null,
        null
      ],
      "/Users/sallymae/Turing/Module_3/projects/rales_engine/app/controllers/application_controller.rb": [
        1,
        null,
        null,
        1,
        null
      ],
      "/Users/sallymae/Turing/Module_3/projects/rales_engine/app/models/customer.rb": [
        1,
        1,
        1,
        1,
        null,
        1,
        null,
        0,
        0,
        0,
        null,
        null
      ],
      "/Users/sallymae/Turing/Module_3/projects/rales_engine/app/models/invoice_item.rb": [
        1,
        1,
        1,
        null,
        null
      ],
      "/Users/sallymae/Turing/Module_3/projects/rales_engine/app/models/item.rb": [
        1,
        1,
        1,
        1,
        null,
        1,
        0,
        null,
        null,
        1,
        0,
        null,
        null,
        1,
        0,
        null,
        null,
        1,
        0,
        null,
        null
      ],
      "/Users/sallymae/Turing/Module_3/projects/rales_engine/app/models/merchant.rb": [
        1,
        1,
        1,
        1,
        1,
        1,
        null,
        1,
        2,
        null,
        null,
        1,
        0,
        0,
        null,
        0,
        null,
        null,
        null,
        1,
        0,
        0,
        0,
        0,
        null,
        null,
        1,
        null,
        null,
        0,
        0,
        null,
        null,
        null,
        1,
        1,
        null,
        null,
        1,
        0,
        null,
        null,
        1,
        0,
        null,
        null,
        1,
        0,
        null,
        null,
        1,
        1,
        2,
        null,
        null,
        null
      ],
      "/Users/sallymae/Turing/Module_3/projects/rales_engine/app/models/transaction.rb": [
        1,
        1,
        null
      ],
      "/Users/sallymae/Turing/Module_3/projects/rales_engine/app/models/invoice.rb": [
        1,
        1,
        1,
        1,
        1,
        1,
        null,
        1,
        2,
        null,
        null
      ]
    },
    "timestamp": 1438236653
  }
}
